==> Nb couche N=11
LAI[10]=0.309896 - sf=0.309896 - f(i,18)=98.273700
LAI[9]=0.660407 - sf=0.970303 - f(i,18)=40.263000
LAI[8]=0.081927 - sf=1.052230 - f(i,18)=99.008000
LAI[7]=0.085577 - sf=1.137807 - f(i,18)=98.896400
LAI[6]=0.753082 - sf=1.890889 - f(i,18)=13.461600
LAI[5]=0.559742 - sf=2.450631 - f(i,18)=17.336900
LAI[4]=0.723418 - sf=3.174049 - f(i,18)=25.221600
LAI[3]=0.298878 - sf=3.472927 - f(i,18)=52.791800
LAI[2]=0.093544 - sf=3.566471 - f(i,18)=98.928700
LAI[1]=0.574701 - sf=4.141172 - f(i,18)=12.920400
LAI total = 4.141172
 roo[10]=10.00	 tau[10]=0.00
 roo[9]=10.00	 tau[9]=4.25
 roo[8]=10.00	 tau[8]=0.23
 roo[7]=10.00	 tau[7]=0.00
 roo[6]=10.00	 tau[6]=4.32
 roo[5]=10.00	 tau[5]=4.13
 roo[4]=10.00	 tau[4]=4.29
 roo[3]=10.00	 tau[3]=3.25
 roo[2]=10.00	 tau[2]=0.00
 roo[1]=88.30	 tau[1]=0.00
--> Direction ciel no. 0
    Esource=1, theta_source=13 [nbs=2]
msailad() : Debut, N=11, nbang=18
sig[1]=0.474331 =>rtp=0.44151, sbfs=0.220594, sbf=86.9385, rtm=0.44151 
<!> sks=140	 msailin.l[1]=0.575	 => playin->ks = 0.511
sig[2]=0.00473602 =>rtp=0.05, sbfs=5.88153e-005, sbf=1.25749, rtm=0.05 
<!> sks=24.3	 msailin.l[2]=0.0935	 => playin->ks = 0.0145
sig[3]=0.0202915 =>rtp=0.06626, sbfs=0.000487802, sbf=4.83732, rtm=0.03374 
<!> sks=31.3	 msailin.l[3]=0.299	 => playin->ks = 0.0596
sig[4]=0.0547182 =>rtp=0.071445, sbfs=0.00303363, sbf=14.6856, rtm=0.028555 
<!> sks=51.4	 msailin.l[4]=0.723	 => playin->ks = 0.237
sig[5]=0.0474094 =>rtp=0.070665, sbfs=0.00785527, sbf=47.8396, rtm=0.029335 
<!> sks=94.1	 msailin.l[5]=0.56	 => playin->ks = 0.335
sig[6]=0.0626482 =>rtp=0.071595, sbfs=0.00873134, sbf=40.8173, rtm=0.028405 
<!> sks=91.6	 msailin.l[6]=0.753	 => playin->ks = 0.439
sig[7]=0.00433403 =>rtp=0.05, sbfs=5.51829e-005, sbf=1.28967, rtm=0.05 
<!> sks=24.3	 msailin.l[7]=0.0856	 => playin->ks = 0.0133
sig[8]=0.00423975 =>rtp=0.051175, sbfs=4.71406e-005, sbf=1.17849, rtm=0.048825 
<!> sks=24.2	 msailin.l[8]=0.0819	 => playin->ks = 0.0126
sig[9]=0.0522563 =>rtp=0.071255, sbfs=0.00519904, sbf=27.3873, rtm=0.028745 
<!> sks=67.4	 msailin.l[9]=0.66	 => playin->ks = 0.283
sig[10]=0.0157908 =>rtp=0.05, sbfs=0.00029595, sbf=1.91, rtm=0.05 
<!> sks=25.2	 msailin.l[10]=0.31	 => playin->ks = 0.0496
msailad() : Fin
lai[1]=0.574701 => layin.att=0.541559, layin.sig=0.474331
Ok
lai[2]=0.093544 => layin.att=0.0889256, layin.sig=0.00473602
Ok
lai[3]=0.298878 => layin.att=0.279562, layin.sig=0.0202915
Ok
lai[4]=0.723418 => layin.att=0.674767, layin.sig=0.0547182
Ok
lai[5]=0.559742 => layin.att=0.528043, layin.sig=0.0474094
Ok
lai[6]=0.753082 => layin.att=0.707896, layin.sig=0.0626482
Ok
lai[7]=0.085577 => layin.att=0.0813533, layin.sig=0.00433403
Ok
lai[8]=0.081927 => layin.att=0.0777815, layin.sig=0.00423975
Ok
lai[9]=0.660407 => layin.att=0.618549, layin.sig=0.0522563
Ok
lai[10]=0.309896 => layin.att=0.294697, layin.sig=0.0157908
Ok
profil.C::mprofil() : ~debut
CROPCHAR : N=10, nbang=18, dz=0.072542
profil.C::mprofil() : ~debut
profil.C::mprofil() : avant  delete [] T 
profil.C::mprofil() : creation et ecriture de la matrice  
Sol:i=42,j=10, rs=1.000000
profil.C::mprofil() : matrice ecrite 
--> Direction ciel no. 1
=> Ecriture des resultats
ic  alti  clai   l(ic)  pene   Fdown  Fup  Rf   Tf
 2  0.000  4.141  0.575  0.142  0.094  0.235  88.302  0.000
 3  0.073  3.566  0.094  0.236  0.016  0.222  10.000  0.000
 4  0.145  3.473  0.299  0.239  0.016  0.203  10.000  3.252
 5  0.218  3.174  0.723  0.254  0.016  0.155  10.000  4.289
 6  0.290  2.451  0.560  0.322  0.017  0.084  10.000  4.133
 7  0.363  1.891  0.753  0.450  0.017  0.060  10.000  4.319
 8  0.435  1.138  0.086  0.698  0.011  0.047  10.000  0.000
 9  0.508  1.052  0.082  0.708  0.012  0.044  10.000  0.235
10  0.580  0.970  0.660  0.717  0.012  0.041  10.000  4.251
11  0.653  0.310  0.310  0.952  0.002  0.038  10.000  0.000
12  0.725  0.000  0.000  1.000  0.000  0.031  0.000  0.000

=> fin boucle visee: iv=0; N_visee=1
